生成启动时间为 2019/12/27 14:41:51。
     1>项目“C:\Users\15581\Desktop\数据结构与算法分析\移动拷贝构造函数与移动赋值运算符\MoveConstructor\MoveConstructor\MoveConstructor.vcxproj”在节点 2 上(build 个目标)。
     1>PrepareForBuild:
         正在创建目录“C:\Users\15581\Desktop\数据结构与算法分析\移动拷贝构造函数与移动赋值运算符\MoveConstructor\Debug\”。
       InitializeBuildStatus:
         正在创建“Debug\MoveConstructor.unsuccessfulbuild”，因为已指定“AlwaysCreate”。
       ClCompile:
         C:\VS2010\VC\bin\CL.exe /c /ZI /nologo /W3 /WX- /Od /Oy- /D WIN32 /D _DEBUG /D _CONSOLE /D _UNICODE /D UNICODE /Gm /EHsc /RTC1 /MDd /GS /fp:precise /Zc:wchar_t /Zc:forScope /Fo"Debug\\" /Fd"Debug\vc100.pdb" /Gd /TP /analyze- /errorReport:prompt main.cpp
         main.cpp
       ManifestResourceCompile:
         C:\Program Files (x86)\Microsoft SDKs\Windows\v7.0A\bin\rc.exe /nologo /fo"Debug\MoveConstructor.exe.embed.manifest.res" Debug\MoveConstructor_manifest.rc 
       Link:
         C:\VS2010\VC\bin\link.exe /ERRORREPORT:PROMPT /OUT:"C:\Users\15581\Desktop\数据结构与算法分析\移动拷贝构造函数与移动赋值运算符\MoveConstructor\Debug\MoveConstructor.exe" /INCREMENTAL /NOLOGO opencv_calib3d244d.lib opencv_contrib244d.lib opencv_core244d.lib opencv_features2d244d.lib opencv_flann244d.lib opencv_gpu244d.lib opencv_haartraining_engined.lib opencv_highgui244d.lib opencv_imgproc244d.lib opencv_legacy244d.lib opencv_ml244d.lib opencv_nonfree244d.lib opencv_objdetect244d.lib opencv_photo244d.lib opencv_stitching244d.lib opencv_ts244d.lib opencv_video244d.lib opencv_videostab244d.lib opencv_calib3d244.lib opencv_contrib244.lib opencv_core244.lib opencv_features2d244.lib opencv_flann244.lib opencv_gpu244.lib opencv_haartraining_engine.lib opencv_highgui244.lib opencv_imgproc244.lib opencv_legacy244.lib opencv_ml244.lib opencv_nonfree244.lib opencv_objdetect244.lib opencv_photo244.lib opencv_stitching244.lib opencv_ts244.lib opencv_video244.lib opencv_videostab244.lib kernel32.lib user32.lib gdi32.lib winspool.lib comdlg32.lib advapi32.lib shell32.lib ole32.lib oleaut32.lib uuid.lib odbc32.lib odbccp32.lib /MANIFEST /ManifestFile:"Debug\MoveConstructor.exe.intermediate.manifest" /MANIFESTUAC:"level='asInvoker' uiAccess='false'" /DEBUG /PDB:"C:\Users\15581\Desktop\数据结构与算法分析\移动拷贝构造函数与移动赋值运算符\MoveConstructor\Debug\MoveConstructor.pdb" /SUBSYSTEM:CONSOLE /TLBID:1 /DYNAMICBASE /NXCOMPAT /IMPLIB:"C:\Users\15581\Desktop\数据结构与算法分析\移动拷贝构造函数与移动赋值运算符\MoveConstructor\Debug\MoveConstructor.lib" /MACHINE:X86 Debug\MoveConstructor.exe.embed.manifest.res
         Debug\main.obj
       Manifest:
         C:\Program Files (x86)\Microsoft SDKs\Windows\v7.0A\bin\mt.exe /nologo /verbose /out:"Debug\MoveConstructor.exe.embed.manifest" /manifest Debug\MoveConstructor.exe.intermediate.manifest
         C:\Program Files (x86)\Microsoft SDKs\Windows\v7.0A\bin\rc.exe /nologo /fo"Debug\MoveConstructor.exe.embed.manifest.res" Debug\MoveConstructor_manifest.rc 
       LinkEmbedManifest:
         C:\VS2010\VC\bin\link.exe /ERRORREPORT:PROMPT /OUT:"C:\Users\15581\Desktop\数据结构与算法分析\移动拷贝构造函数与移动赋值运算符\MoveConstructor\Debug\MoveConstructor.exe" /INCREMENTAL /NOLOGO opencv_calib3d244d.lib opencv_contrib244d.lib opencv_core244d.lib opencv_features2d244d.lib opencv_flann244d.lib opencv_gpu244d.lib opencv_haartraining_engined.lib opencv_highgui244d.lib opencv_imgproc244d.lib opencv_legacy244d.lib opencv_ml244d.lib opencv_nonfree244d.lib opencv_objdetect244d.lib opencv_photo244d.lib opencv_stitching244d.lib opencv_ts244d.lib opencv_video244d.lib opencv_videostab244d.lib opencv_calib3d244.lib opencv_contrib244.lib opencv_core244.lib opencv_features2d244.lib opencv_flann244.lib opencv_gpu244.lib opencv_haartraining_engine.lib opencv_highgui244.lib opencv_imgproc244.lib opencv_legacy244.lib opencv_ml244.lib opencv_nonfree244.lib opencv_objdetect244.lib opencv_photo244.lib opencv_stitching244.lib opencv_ts244.lib opencv_video244.lib opencv_videostab244.lib kernel32.lib user32.lib gdi32.lib winspool.lib comdlg32.lib advapi32.lib shell32.lib ole32.lib oleaut32.lib uuid.lib odbc32.lib odbccp32.lib /MANIFEST /ManifestFile:"Debug\MoveConstructor.exe.intermediate.manifest" /MANIFESTUAC:"level='asInvoker' uiAccess='false'" /DEBUG /PDB:"C:\Users\15581\Desktop\数据结构与算法分析\移动拷贝构造函数与移动赋值运算符\MoveConstructor\Debug\MoveConstructor.pdb" /SUBSYSTEM:CONSOLE /TLBID:1 /DYNAMICBASE /NXCOMPAT /IMPLIB:"C:\Users\15581\Desktop\数据结构与算法分析\移动拷贝构造函数与移动赋值运算符\MoveConstructor\Debug\MoveConstructor.lib" /MACHINE:X86 Debug\MoveConstructor.exe.embed.manifest.res
         Debug\main.obj
         MoveConstructor.vcxproj -> C:\Users\15581\Desktop\数据结构与算法分析\移动拷贝构造函数与移动赋值运算符\MoveConstructor\Debug\MoveConstructor.exe
       FinalizeBuildStatus:
         正在删除文件“Debug\MoveConstructor.unsuccessfulbuild”。
         正在对“Debug\MoveConstructor.lastbuildstate”执行 Touch 任务。
     1>已完成生成项目“C:\Users\15581\Desktop\数据结构与算法分析\移动拷贝构造函数与移动赋值运算符\MoveConstructor\MoveConstructor\MoveConstructor.vcxproj”(build 个目标)的操作。

生成成功。

已用时间 00:00:07.24
