生成启动时间为 2019/12/22 20:41:35。
     1>项目“C:\Users\15581\Desktop\数据结构与算法分析\选择问题\select\select\select.vcxproj”在节点 2 上(build 个目标)。
     1>InitializeBuildStatus:
         正在创建“Debug\select.unsuccessfulbuild”，因为已指定“AlwaysCreate”。
       ClCompile:
         C:\VS2010\VC\bin\CL.exe /c /ZI /nologo /W3 /WX- /Od /Oy- /D WIN32 /D _DEBUG /D _CONSOLE /D _UNICODE /D UNICODE /Gm /EHsc /RTC1 /MDd /GS /fp:precise /Zc:wchar_t /Zc:forScope /Fo"Debug\\" /Fd"Debug\vc100.pdb" /Gd /TP /analyze- /errorReport:prompt main.cpp
         main.cpp
       ManifestResourceCompile:
         所有输出均为最新。
       Link:
         C:\VS2010\VC\bin\link.exe /ERRORREPORT:PROMPT /OUT:"C:\Users\15581\Desktop\数据结构与算法分析\选择问题\select\Debug\select.exe" /INCREMENTAL /NOLOGO opencv_calib3d244d.lib opencv_contrib244d.lib opencv_core244d.lib opencv_features2d244d.lib opencv_flann244d.lib opencv_gpu244d.lib opencv_haartraining_engined.lib opencv_highgui244d.lib opencv_imgproc244d.lib opencv_legacy244d.lib opencv_ml244d.lib opencv_nonfree244d.lib opencv_objdetect244d.lib opencv_photo244d.lib opencv_stitching244d.lib opencv_ts244d.lib opencv_video244d.lib opencv_videostab244d.lib opencv_calib3d244.lib opencv_contrib244.lib opencv_core244.lib opencv_features2d244.lib opencv_flann244.lib opencv_gpu244.lib opencv_haartraining_engine.lib opencv_highgui244.lib opencv_imgproc244.lib opencv_legacy244.lib opencv_ml244.lib opencv_nonfree244.lib opencv_objdetect244.lib opencv_photo244.lib opencv_stitching244.lib opencv_ts244.lib opencv_video244.lib opencv_videostab244.lib kernel32.lib user32.lib gdi32.lib winspool.lib comdlg32.lib advapi32.lib shell32.lib ole32.lib oleaut32.lib uuid.lib odbc32.lib odbccp32.lib /MANIFEST /ManifestFile:"Debug\select.exe.intermediate.manifest" /MANIFESTUAC:"level='asInvoker' uiAccess='false'" /DEBUG /PDB:"C:\Users\15581\Desktop\数据结构与算法分析\选择问题\select\Debug\select.pdb" /SUBSYSTEM:CONSOLE /TLBID:1 /DYNAMICBASE /NXCOMPAT /IMPLIB:"C:\Users\15581\Desktop\数据结构与算法分析\选择问题\select\Debug\select.lib" /MACHINE:X86 Debug\select.exe.embed.manifest.res
         Debug\main.obj
         Debug\select.obj
       Manifest:
         C:\Program Files (x86)\Microsoft SDKs\Windows\v7.0A\bin\mt.exe /nologo /verbose /out:"Debug\select.exe.embed.manifest" /manifest Debug\select.exe.intermediate.manifest
         所有输出均为最新。
       LinkEmbedManifest:
         所有输出均为最新。
         select.vcxproj -> C:\Users\15581\Desktop\数据结构与算法分析\选择问题\select\Debug\select.exe
       FinalizeBuildStatus:
         正在删除文件“Debug\select.unsuccessfulbuild”。
         正在对“Debug\select.lastbuildstate”执行 Touch 任务。
     1>已完成生成项目“C:\Users\15581\Desktop\数据结构与算法分析\选择问题\select\select\select.vcxproj”(build 个目标)的操作。

生成成功。

已用时间 00:00:02.78
